Add Component: Footprint Not Found DIOM2818X11N
Added Component: Designator=U1(PW0020A_N)
Add component (AddParameter): Name = "Copyright"; Value = "Copyright (C) 2025 Ultra Librarian. All rights reserved."; VariantName = "[No Variations]"
Add component (AddParameter): Name = "Datasheet"; Value = "https://www.ti.com/lit/gpn/bq76920"; VariantName = "[No Variations]"
Add component (AddParameter): Name = "Manufacturer_Name"; Value = "Texas Instruments"; VariantName = "[No Variations]"
Add component (AddParameter): Name = "Manufacturer_Part_Number"; Value = "BQ7692006PW"; VariantName = "[No Variations]"
Add component (AddParameter): Name = "RefDes"; Value = "RefDes"; VariantName = "[No Variations]"
Add component (AddParameter): Name = "TYPE"; Value = "TYPE"; VariantName = "[No Variations]"
Add Pin To Net: Unknown Pin: Pin D2-1
Add Pin To Net: Unknown Pin: Pin D2-2
Added Pin To Net: NetName=DSG_PIN Pin=U1-1
Added Pin To Net: NetName=CHG_PIN Pin=U1-2
Added Pin To Net: NetName=GND Pin=U1-3
Added Pin To Net: NetName=SDA 3.3V Pin=U1-4
Added Pin To Net: NetName=SCL 3.3V Pin=U1-5
Added Pin To Net: NetName=NetJ3_1 Pin=U1-6
Added Pin To Net: NetName=NetC6_2 Pin=U1-7
Added Pin To Net: NetName=NetC7_2 Pin=U1-8
Added Pin To Net: NetName=NetC8_1 Pin=U1-9
Added Pin To Net: NetName=NetC8_1 Pin=U1-10
Added Pin To Net: NetName=NetC1_2 Pin=U1-12
Added Pin To Net: NetName=NetC1_1 Pin=U1-13
Added Pin To Net: NetName=NetC1_1 Pin=U1-14
Added Pin To Net: NetName=NetC2_1 Pin=U1-15
Added Pin To Net: NetName=NetC3_1 Pin=U1-16
Added Pin To Net: NetName=NetC5_1 Pin=U1-17
Added Pin To Net: NetName=NetC10_1 Pin=U1-18
Added Pin To Net: NetName=NetC11_1 Pin=U1-19
Added Pin To Net: NetName=NetC13_1 Pin=U1-20
Add Class Member: Failed to add class member : Component D2 SMF24A-HE3-08
Added Member To Class: ClassName=BMS_V4 Member=Component U1 BQ7692006PW
